Using pre-set license
Built from '2020.3/staging' branch; Version is '2020.3.6f1 (338bb68529b2) revision 3378102'; Using compiler version '192528614'; Build Type 'Release'
OS: 'Windows 10 Home Single Language; OS build 19042.928; Version 2009; 64bit' Language: 'en' Physical Memory: 8072 MB
BatchMode: 1, IsHumanControllingUs: 0, StartBugReporterOnCrash: 0, Is64bit: 1, IsPro: 0

 COMMAND LINE ARGUMENTS:
C:\Program Files\Unity\Hub\Editor\2020.3.4f1\Editor\Unity.exe
-adb2
-batchMode
-noUpm
-name
AssetImportWorker1
-projectPath
C:/Users/malik/New Unity Project copy
-logFile
Logs/AssetImportWorker1.log
-srvPort
61008
Successfully changed project path to: C:/Users/malik/New Unity Project copy
C:/Users/malik/New Unity Project copy
Using Asset Import Pipeline V2.
Refreshing native plugins compatible for Editor in 158.05 ms, found 0 plugins.
Preloading 0 native plugins for Editor in 0.00 ms.
Initialize engine version: 2020.3.6f1 (338bb68529b2)
[Subsystems] Discovering subsystems at path C:/Program Files/Unity/Hub/Editor/2020.3.4f1/Editor/Data/Resources/UnitySubsystems
[Subsystems] Discovering subsystems at path C:/Users/malik/New Unity Project copy/Assets
GfxDevice: creating device client; threaded=0
Direct3D:
    Version:  Direct3D 11.0 [level 11.1]
    Renderer: NVIDIA GeForce GTX 1650 (ID=0x1f91)
    Vendor:   
    VRAM:     3962 MB
    Driver:   26.21.14.4223
Initialize mono
Mono path[0] = 'C:/Program Files/Unity/Hub/Editor/2020.3.4f1/Editor/Data/Managed'
Mono path[1] = 'C:/Program Files/Unity/Hub/Editor/2020.3.4f1/Editor/Data/MonoBleedingEdge/lib/mono/unityjit'
Mono config path = 'C:/Program Files/Unity/Hub/Editor/2020.3.4f1/Editor/Data/MonoBleedingEdge/etc'
Using monoOptions --debugger-agent=transport=dt_socket,embedding=1,server=y,suspend=n,address=127.0.0.1:56120
Begin MonoManager ReloadAssembly
Registering precompiled unity dll's ...
Register platform support module: C:/Program Files/Unity/Hub/Editor/2020.3.4f1/Editor/Data/PlaybackEngines/WindowsStandaloneSupport/UnityEditor.WindowsStandalone.Extensions.dll
Registered in 0.010198 seconds.
Native extension for WindowsStandalone target not found
Refreshing native plugins compatible for Editor in 156.35 ms, found 0 plugins.
Preloading 0 native plugins for Editor in 0.00 ms.
Mono: successfully reloaded assembly
- Completed reload, in  4.577 seconds
Platform modules already initialized, skipping
Registering precompiled user dll's ...
Registered in 0.025974 seconds.
Begin MonoManager ReloadAssembly
Native extension for WindowsStandalone target not found
Refreshing native plugins compatible for Editor in 1.12 ms, found 0 plugins.
Preloading 0 native plugins for Editor in 0.00 ms.
Mono: successfully reloaded assembly
- Completed reload, in  2.785 seconds
Platform modules already initialized, skipping
========================================================================
Worker process is ready to serve import requests
Launched and connected shader compiler UnityShaderCompiler.exe after 0.34 seconds
Refreshing native plugins compatible for Editor in 0.73 ms, found 0 plugins.
Preloading 0 native plugins for Editor in 0.00 ms.
Unloading 1551 Unused Serialized files (Serialized files now loaded: 0)
System memory in use before: 70.5 MB.
System memory in use after: 70.5 MB.

Unloading 37 unused Assets to reduce memory usage. Loaded Objects now: 1974.
Total: 17.753600 ms (FindLiveObjects: 0.546400 ms CreateObjectMapping: 0.242200 ms MarkObjects: 16.332900 ms  DeleteObjects: 0.629000 ms)

========================================================================
Received Import Request.
  path: Assets/Scenes/Player.prefab
  artifactKey: Guid(d94ce04b346c73048a02d4380babebd4) Importer(815301076,1909f56bfc062723c751e8b465ee728b)
Start importing Assets/Scenes/Player.prefab using Guid(d94ce04b346c73048a02d4380babebd4) Importer(815301076,1909f56bfc062723c751e8b465ee728b)  -> (artifact id: 'ba98982c367195f1e8f58967beee7e70') in 0.730938 seconds
  Import took 0.741687 seconds .

========================================================================
Received Import Request.
  Time since last request: 0.000616 seconds.
  path: Assets/Scenes/Player_obj.prefab
  artifactKey: Guid(e781d17c5f8ddbe4cac71d1978cbc399) Importer(815301076,1909f56bfc062723c751e8b465ee728b)
Start importing Assets/Scenes/Player_obj.prefab using Guid(e781d17c5f8ddbe4cac71d1978cbc399) Importer(815301076,1909f56bfc062723c751e8b465ee728b)  -> (artifact id: '2bccb39aa1a16b88b579ba2c1ae7a425') in 0.070677 seconds
  Import took 0.079403 seconds .

========================================================================
Received Import Request.
  Time since last request: 0.000480 seconds.
  path: Assets/Photon
  artifactKey: Guid(e2055d8c3a3eb6f4abe105d9ec8b8e73) Importer(815301076,1909f56bfc062723c751e8b465ee728b)
Start importing Assets/Photon using Guid(e2055d8c3a3eb6f4abe105d9ec8b8e73) Importer(815301076,1909f56bfc062723c751e8b465ee728b)  -> (artifact id: '726dbe5e836301e6cf15b9957cde3780') in 0.022023 seconds
  Import took 0.029525 seconds .

========================================================================
Received Import Request.
  Time since last request: 0.000544 seconds.
  path: Assets/Photon/Resources
  artifactKey: Guid(31768a2a5d6cfca4aa89a1e7003cf2d2) Importer(815301076,1909f56bfc062723c751e8b465ee728b)
Start importing Assets/Photon/Resources using Guid(31768a2a5d6cfca4aa89a1e7003cf2d2) Importer(815301076,1909f56bfc062723c751e8b465ee728b)  -> (artifact id: '4b57794361a17502dfb679a888043303') in 0.018767 seconds
  Import took 0.024080 seconds .

========================================================================
Received Import Request.
  Time since last request: 0.000562 seconds.
  path: Assets/Photon/Resources/PhotonAppSettings.asset
  artifactKey: Guid(4e044b943b04532449e913e1ae15daba) Importer(815301076,1909f56bfc062723c751e8b465ee728b)
Start importing Assets/Photon/Resources/PhotonAppSettings.asset using Guid(4e044b943b04532449e913e1ae15daba) Importer(815301076,1909f56bfc062723c751e8b465ee728b)  -> (artifact id: 'fff164ecb8de49d416946c54d74ed831') in 0.031482 seconds
  Import took 0.037705 seconds .

========================================================================
Received Import Request.
  Time since last request: 1203.815804 seconds.
  path: Assets/PS/ORB/PS.prefab
  artifactKey: Guid(b9251dc1ec5f76f4199470404d97603c) Importer(815301076,1909f56bfc062723c751e8b465ee728b)
Start importing Assets/PS/ORB/PS.prefab using Guid(b9251dc1ec5f76f4199470404d97603c) Importer(815301076,1909f56bfc062723c751e8b465ee728b)  -> (artifact id: 'b94b91b1cb1c19269664202cb83dec30') in 0.119118 seconds
  Import took 0.133472 seconds .

========================================================================
Received Prepare
Registering precompiled user dll's ...
Registered in 0.013144 seconds.
Begin MonoManager ReloadAssembly
Native extension for WindowsStandalone target not found
Refreshing native plugins compatible for Editor in 0.37 ms, found 0 plugins.
Preloading 0 native plugins for Editor in 0.00 ms.
Mono: successfully reloaded assembly
- Completed reload, in  1.150 seconds
Platform modules already initialized, skipping
Refreshing native plugins compatible for Editor in 0.36 ms, found 0 plugins.
Preloading 0 native plugins for Editor in 0.00 ms.
Unloading 1546 Unused Serialized files (Serialized files now loaded: 0)
System memory in use before: 73.7 MB.
System memory in use after: 73.7 MB.

Unloading 33 unused Assets to reduce memory usage. Loaded Objects now: 1986.
Total: 5.436500 ms (FindLiveObjects: 0.163600 ms CreateObjectMapping: 0.040900 ms MarkObjects: 5.153900 ms  DeleteObjects: 0.076300 ms)

========================================================================
Received Import Request.
  Time since last request: 1316.813235 seconds.
  path: Assets/Scenes/Player.prefab
  artifactKey: Guid(d94ce04b346c73048a02d4380babebd4) Importer(815301076,1909f56bfc062723c751e8b465ee728b)
Start importing Assets/Scenes/Player.prefab using Guid(d94ce04b346c73048a02d4380babebd4) Importer(815301076,1909f56bfc062723c751e8b465ee728b)  -> (artifact id: '7cdc08c66fd121ef0e7f734d70e930a7') in 0.100242 seconds
  Import took 0.104217 seconds .

========================================================================
Received Prepare
Registering precompiled user dll's ...
Registered in 0.009259 seconds.
Begin MonoManager ReloadAssembly
Native extension for WindowsStandalone target not found
Refreshing native plugins compatible for Editor in 0.34 ms, found 0 plugins.
Preloading 0 native plugins for Editor in 0.00 ms.
Mono: successfully reloaded assembly
- Completed reload, in  0.913 seconds
Platform modules already initialized, skipping
Refreshing native plugins compatible for Editor in 0.35 ms, found 0 plugins.
Preloading 0 native plugins for Editor in 0.00 ms.
Unloading 1546 Unused Serialized files (Serialized files now loaded: 0)
System memory in use before: 73.7 MB.
System memory in use after: 73.8 MB.

Unloading 33 unused Assets to reduce memory usage. Loaded Objects now: 1990.
Total: 10.006700 ms (FindLiveObjects: 0.410100 ms CreateObjectMapping: 0.150300 ms MarkObjects: 9.328400 ms  DeleteObjects: 0.115200 ms)

========================================================================
Received Prepare
Registering precompiled user dll's ...
Registered in 0.006247 seconds.
Begin MonoManager ReloadAssembly
Native extension for WindowsStandalone target not found
Refreshing native plugins compatible for Editor in 0.55 ms, found 0 plugins.
Preloading 0 native plugins for Editor in 0.00 ms.
Mono: successfully reloaded assembly
- Completed reload, in  1.160 seconds
Platform modules already initialized, skipping
Refreshing native plugins compatible for Editor in 0.61 ms, found 0 plugins.
Preloading 0 native plugins for Editor in 0.00 ms.
Unloading 1546 Unused Serialized files (Serialized files now loaded: 0)
System memory in use before: 73.7 MB.
System memory in use after: 73.8 MB.

Unloading 32 unused Assets to reduce memory usage. Loaded Objects now: 1993.
Total: 7.888500 ms (FindLiveObjects: 0.580100 ms CreateObjectMapping: 0.265700 ms MarkObjects: 6.955400 ms  DeleteObjects: 0.085100 ms)

========================================================================
Received Prepare
Registering precompiled user dll's ...
Registered in 0.006032 seconds.
Begin MonoManager ReloadAssembly
Native extension for WindowsStandalone target not found
Refreshing native plugins compatible for Editor in 0.35 ms, found 0 plugins.
Preloading 0 native plugins for Editor in 0.00 ms.
Mono: successfully reloaded assembly
- Completed reload, in  0.895 seconds
Platform modules already initialized, skipping
Refreshing native plugins compatible for Editor in 0.43 ms, found 0 plugins.
Preloading 0 native plugins for Editor in 0.00 ms.
Unloading 1546 Unused Serialized files (Serialized files now loaded: 0)
System memory in use before: 73.7 MB.
System memory in use after: 73.8 MB.

Unloading 32 unused Assets to reduce memory usage. Loaded Objects now: 1996.
Total: 6.327500 ms (FindLiveObjects: 0.253700 ms CreateObjectMapping: 0.087800 ms MarkObjects: 5.921500 ms  DeleteObjects: 0.063000 ms)

========================================================================
Received Prepare
Registering precompiled user dll's ...
Registered in 0.014388 seconds.
Begin MonoManager ReloadAssembly
Native extension for WindowsStandalone target not found
Refreshing native plugins compatible for Editor in 0.56 ms, found 0 plugins.
Preloading 0 native plugins for Editor in 0.00 ms.
Mono: successfully reloaded assembly
- Completed reload, in  1.167 seconds
Platform modules already initialized, skipping
Refreshing native plugins compatible for Editor in 0.79 ms, found 0 plugins.
Preloading 0 native plugins for Editor in 0.00 ms.
Unloading 1546 Unused Serialized files (Serialized files now loaded: 0)
System memory in use before: 73.7 MB.
System memory in use after: 73.8 MB.

Unloading 32 unused Assets to reduce memory usage. Loaded Objects now: 1999.
Total: 7.081200 ms (FindLiveObjects: 0.351200 ms CreateObjectMapping: 0.205500 ms MarkObjects: 6.450000 ms  DeleteObjects: 0.071500 ms)

========================================================================
Received Prepare
Registering precompiled user dll's ...
Registered in 0.007849 seconds.
Begin MonoManager ReloadAssembly
Native extension for WindowsStandalone target not found
Refreshing native plugins compatible for Editor in 0.40 ms, found 0 plugins.
Preloading 0 native plugins for Editor in 0.00 ms.
Mono: successfully reloaded assembly
- Completed reload, in  1.169 seconds
Platform modules already initialized, skipping
Refreshing native plugins compatible for Editor in 0.51 ms, found 0 plugins.
Preloading 0 native plugins for Editor in 0.00 ms.
Unloading 1546 Unused Serialized files (Serialized files now loaded: 0)
System memory in use before: 73.7 MB.
System memory in use after: 73.8 MB.

Unloading 32 unused Assets to reduce memory usage. Loaded Objects now: 2002.
Total: 8.667100 ms (FindLiveObjects: 0.197200 ms CreateObjectMapping: 0.133100 ms MarkObjects: 8.204000 ms  DeleteObjects: 0.130500 ms)

========================================================================
Received Prepare
Registering precompiled user dll's ...
Registered in 0.007283 seconds.
Begin MonoManager ReloadAssembly
Native extension for WindowsStandalone target not found
Refreshing native plugins compatible for Editor in 0.43 ms, found 0 plugins.
Preloading 0 native plugins for Editor in 0.00 ms.
Mono: successfully reloaded assembly
- Completed reload, in  1.343 seconds
Platform modules already initialized, skipping
Refreshing native plugins compatible for Editor in 0.86 ms, found 0 plugins.
Preloading 0 native plugins for Editor in 0.00 ms.
Unloading 1546 Unused Serialized files (Serialized files now loaded: 0)
System memory in use before: 73.7 MB.
System memory in use after: 73.8 MB.

Unloading 32 unused Assets to reduce memory usage. Loaded Objects now: 2005.
Total: 7.470500 ms (FindLiveObjects: 0.465100 ms CreateObjectMapping: 0.186200 ms MarkObjects: 6.747200 ms  DeleteObjects: 0.069900 ms)

========================================================================
Received Prepare
Registering precompiled user dll's ...
Registered in 0.007426 seconds.
Begin MonoManager ReloadAssembly
Native extension for WindowsStandalone target not found
Refreshing native plugins compatible for Editor in 0.50 ms, found 0 plugins.
Preloading 0 native plugins for Editor in 0.00 ms.
Mono: successfully reloaded assembly
- Completed reload, in  1.155 seconds
Platform modules already initialized, skipping
Refreshing native plugins compatible for Editor in 0.46 ms, found 0 plugins.
Preloading 0 native plugins for Editor in 0.00 ms.
Unloading 1546 Unused Serialized files (Serialized files now loaded: 0)
System memory in use before: 73.7 MB.
System memory in use after: 73.8 MB.

Unloading 32 unused Assets to reduce memory usage. Loaded Objects now: 2008.
Total: 8.283800 ms (FindLiveObjects: 0.410200 ms CreateObjectMapping: 0.126400 ms MarkObjects: 7.437700 ms  DeleteObjects: 0.303400 ms)

========================================================================
Received Prepare
Registering precompiled user dll's ...
Registered in 0.006139 seconds.
Begin MonoManager ReloadAssembly
Native extension for WindowsStandalone target not found
Refreshing native plugins compatible for Editor in 0.34 ms, found 0 plugins.
Preloading 0 native plugins for Editor in 0.00 ms.
Mono: successfully reloaded assembly
- Completed reload, in  0.855 seconds
Platform modules already initialized, skipping
Refreshing native plugins compatible for Editor in 0.35 ms, found 0 plugins.
Preloading 0 native plugins for Editor in 0.00 ms.
Unloading 1546 Unused Serialized files (Serialized files now loaded: 0)
System memory in use before: 73.7 MB.
System memory in use after: 73.8 MB.

Unloading 32 unused Assets to reduce memory usage. Loaded Objects now: 2011.
Total: 5.799400 ms (FindLiveObjects: 0.302400 ms CreateObjectMapping: 0.093000 ms MarkObjects: 5.318300 ms  DeleteObjects: 0.083600 ms)

========================================================================
Received Prepare
Registering precompiled user dll's ...
Registered in 0.007173 seconds.
Begin MonoManager ReloadAssembly
Native extension for WindowsStandalone target not found
Refreshing native plugins compatible for Editor in 0.64 ms, found 0 plugins.
Preloading 0 native plugins for Editor in 0.00 ms.
Mono: successfully reloaded assembly
- Completed reload, in  1.146 seconds
Platform modules already initialized, skipping
Refreshing native plugins compatible for Editor in 0.39 ms, found 0 plugins.
Preloading 0 native plugins for Editor in 0.00 ms.
Unloading 1546 Unused Serialized files (Serialized files now loaded: 0)
System memory in use before: 73.7 MB.
System memory in use after: 73.8 MB.

Unloading 32 unused Assets to reduce memory usage. Loaded Objects now: 2014.
Total: 7.704900 ms (FindLiveObjects: 0.535000 ms CreateObjectMapping: 0.152200 ms MarkObjects: 6.895800 ms  DeleteObjects: 0.119200 ms)

========================================================================
Received Prepare
Registering precompiled user dll's ...
Registered in 0.006149 seconds.
Begin MonoManager ReloadAssembly
Native extension for WindowsStandalone target not found
Refreshing native plugins compatible for Editor in 0.39 ms, found 0 plugins.
Preloading 0 native plugins for Editor in 0.00 ms.
Mono: successfully reloaded assembly
- Completed reload, in  0.918 seconds
Platform modules already initialized, skipping
Refreshing native plugins compatible for Editor in 0.34 ms, found 0 plugins.
Preloading 0 native plugins for Editor in 0.00 ms.
Unloading 1546 Unused Serialized files (Serialized files now loaded: 0)
System memory in use before: 73.7 MB.
System memory in use after: 73.8 MB.

Unloading 32 unused Assets to reduce memory usage. Loaded Objects now: 2017.
Total: 5.616800 ms (FindLiveObjects: 0.179100 ms CreateObjectMapping: 0.060900 ms MarkObjects: 5.304300 ms  DeleteObjects: 0.070100 ms)

========================================================================
Received Prepare
Registering precompiled user dll's ...
Registered in 0.006758 seconds.
Begin MonoManager ReloadAssembly
Native extension for WindowsStandalone target not found
Refreshing native plugins compatible for Editor in 0.34 ms, found 0 plugins.
Preloading 0 native plugins for Editor in 0.00 ms.
Mono: successfully reloaded assembly
- Completed reload, in  0.818 seconds
Platform modules already initialized, skipping
Refreshing native plugins compatible for Editor in 0.57 ms, found 0 plugins.
Preloading 0 native plugins for Editor in 0.00 ms.
Unloading 1546 Unused Serialized files (Serialized files now loaded: 0)
System memory in use before: 73.7 MB.
System memory in use after: 73.8 MB.

Unloading 32 unused Assets to reduce memory usage. Loaded Objects now: 2020.
Total: 6.975000 ms (FindLiveObjects: 0.366200 ms CreateObjectMapping: 0.131500 ms MarkObjects: 6.372100 ms  DeleteObjects: 0.103100 ms)

========================================================================
Received Prepare
Registering precompiled user dll's ...
Registered in 0.006365 seconds.
Begin MonoManager ReloadAssembly
Native extension for WindowsStandalone target not found
Refreshing native plugins compatible for Editor in 1.04 ms, found 0 plugins.
Preloading 0 native plugins for Editor in 0.00 ms.
Mono: successfully reloaded assembly
- Completed reload, in  1.248 seconds
Platform modules already initialized, skipping
Refreshing native plugins compatible for Editor in 0.75 ms, found 0 plugins.
Preloading 0 native plugins for Editor in 0.00 ms.
Unloading 1546 Unused Serialized files (Serialized files now loaded: 0)
System memory in use before: 73.7 MB.
System memory in use after: 73.8 MB.

Unloading 32 unused Assets to reduce memory usage. Loaded Objects now: 2023.
Total: 9.075100 ms (FindLiveObjects: 0.799200 ms CreateObjectMapping: 0.381800 ms MarkObjects: 7.816800 ms  DeleteObjects: 0.073900 ms)

========================================================================
Received Prepare
Registering precompiled user dll's ...
Registered in 0.006195 seconds.
Begin MonoManager ReloadAssembly
Native extension for WindowsStandalone target not found
Refreshing native plugins compatible for Editor in 0.35 ms, found 0 plugins.
Preloading 0 native plugins for Editor in 0.00 ms.
Mono: successfully reloaded assembly
- Completed reload, in  0.888 seconds
Platform modules already initialized, skipping
Refreshing native plugins compatible for Editor in 0.36 ms, found 0 plugins.
Preloading 0 native plugins for Editor in 0.00 ms.
Unloading 1546 Unused Serialized files (Serialized files now loaded: 0)
System memory in use before: 73.7 MB.
System memory in use after: 73.8 MB.

Unloading 32 unused Assets to reduce memory usage. Loaded Objects now: 2026.
Total: 5.474200 ms (FindLiveObjects: 0.159000 ms CreateObjectMapping: 0.051800 ms MarkObjects: 5.195100 ms  DeleteObjects: 0.066700 ms)

========================================================================
Received Prepare
Registering precompiled user dll's ...
Registered in 0.006834 seconds.
Begin MonoManager ReloadAssembly
Native extension for WindowsStandalone target not found
Refreshing native plugins compatible for Editor in 0.77 ms, found 0 plugins.
Preloading 0 native plugins for Editor in 0.00 ms.
Mono: successfully reloaded assembly
- Completed reload, in  1.193 seconds
Platform modules already initialized, skipping
Refreshing native plugins compatible for Editor in 0.97 ms, found 0 plugins.
Preloading 0 native plugins for Editor in 0.00 ms.
Unloading 1546 Unused Serialized files (Serialized files now loaded: 0)
System memory in use before: 73.7 MB.
System memory in use after: 73.8 MB.

Unloading 32 unused Assets to reduce memory usage. Loaded Objects now: 2029.
Total: 7.893200 ms (FindLiveObjects: 0.391000 ms CreateObjectMapping: 0.079800 ms MarkObjects: 7.259800 ms  DeleteObjects: 0.160100 ms)

========================================================================
Received Import Request.
  Time since last request: 401.438276 seconds.
  path: Assets/Scenes/Player.prefab
  artifactKey: Guid(d94ce04b346c73048a02d4380babebd4) Importer(815301076,1909f56bfc062723c751e8b465ee728b)
Start importing Assets/Scenes/Player.prefab using Guid(d94ce04b346c73048a02d4380babebd4) Importer(815301076,1909f56bfc062723c751e8b465ee728b)  -> (artifact id: 'd57392369236f61ce32fb291b7f8027e') in 0.093888 seconds
  Import took 0.098127 seconds .

========================================================================
Received Prepare
Registering precompiled user dll's ...
Registered in 0.006084 seconds.
Begin MonoManager ReloadAssembly
Native extension for WindowsStandalone target not found
Refreshing native plugins compatible for Editor in 0.35 ms, found 0 plugins.
Preloading 0 native plugins for Editor in 0.00 ms.
Mono: successfully reloaded assembly
- Completed reload, in  0.885 seconds
Platform modules already initialized, skipping
Refreshing native plugins compatible for Editor in 0.39 ms, found 0 plugins.
Preloading 0 native plugins for Editor in 0.00 ms.
Unloading 1546 Unused Serialized files (Serialized files now loaded: 0)
System memory in use before: 73.8 MB.
System memory in use after: 73.9 MB.

Unloading 33 unused Assets to reduce memory usage. Loaded Objects now: 2033.
Total: 9.557700 ms (FindLiveObjects: 0.461700 ms CreateObjectMapping: 0.362500 ms MarkObjects: 8.642900 ms  DeleteObjects: 0.088800 ms)

========================================================================
Received Prepare
Registering precompiled user dll's ...
Registered in 0.009193 seconds.
Begin MonoManager ReloadAssembly
Native extension for WindowsStandalone target not found
Refreshing native plugins compatible for Editor in 0.76 ms, found 0 plugins.
Preloading 0 native plugins for Editor in 0.00 ms.
Mono: successfully reloaded assembly
- Completed reload, in  1.150 seconds
Platform modules already initialized, skipping
Refreshing native plugins compatible for Editor in 0.64 ms, found 0 plugins.
Preloading 0 native plugins for Editor in 0.00 ms.
Unloading 1546 Unused Serialized files (Serialized files now loaded: 0)
System memory in use before: 73.8 MB.
System memory in use after: 73.9 MB.

Unloading 32 unused Assets to reduce memory usage. Loaded Objects now: 2036.
Total: 7.327200 ms (FindLiveObjects: 0.303800 ms CreateObjectMapping: 0.097300 ms MarkObjects: 6.762200 ms  DeleteObjects: 0.160700 ms)

========================================================================
Received Prepare
Registering precompiled user dll's ...
Registered in 0.016891 seconds.
Begin MonoManager ReloadAssembly
Native extension for WindowsStandalone target not found
Refreshing native plugins compatible for Editor in 0.75 ms, found 0 plugins.
Preloading 0 native plugins for Editor in 0.00 ms.
Mono: successfully reloaded assembly
- Completed reload, in  1.960 seconds
Platform modules already initialized, skipping
Refreshing native plugins compatible for Editor in 0.75 ms, found 0 plugins.
Preloading 0 native plugins for Editor in 0.00 ms.
Unloading 1546 Unused Serialized files (Serialized files now loaded: 0)
System memory in use before: 73.8 MB.
System memory in use after: 73.9 MB.

Unloading 32 unused Assets to reduce memory usage. Loaded Objects now: 2039.
Total: 14.035900 ms (FindLiveObjects: 0.765200 ms CreateObjectMapping: 0.388400 ms MarkObjects: 12.693900 ms  DeleteObjects: 0.184300 ms)

========================================================================
Received Prepare
Registering precompiled user dll's ...
Registered in 0.008820 seconds.
Begin MonoManager ReloadAssembly
Native extension for WindowsStandalone target not found
Refreshing native plugins compatible for Editor in 0.35 ms, found 0 plugins.
Preloading 0 native plugins for Editor in 0.00 ms.
Mono: successfully reloaded assembly
- Completed reload, in  0.960 seconds
Platform modules already initialized, skipping
Refreshing native plugins compatible for Editor in 0.54 ms, found 0 plugins.
Preloading 0 native plugins for Editor in 0.00 ms.
Unloading 1537 Unused Serialized files (Serialized files now loaded: 0)
System memory in use before: 73.6 MB.
System memory in use after: 73.7 MB.

Unloading 23 unused Assets to reduce memory usage. Loaded Objects now: 2042.
Total: 5.409600 ms (FindLiveObjects: 0.194700 ms CreateObjectMapping: 0.066500 ms MarkObjects: 5.092000 ms  DeleteObjects: 0.054600 ms)

========================================================================
Received Prepare
Registering precompiled user dll's ...
Registered in 0.023849 seconds.
Begin MonoManager ReloadAssembly
Native extension for WindowsStandalone target not found
Refreshing native plugins compatible for Editor in 1.01 ms, found 0 plugins.
Preloading 0 native plugins for Editor in 0.00 ms.
Mono: successfully reloaded assembly
- Completed reload, in  3.420 seconds
Platform modules already initialized, skipping
Refreshing native plugins compatible for Editor in 0.83 ms, found 0 plugins.
Preloading 0 native plugins for Editor in 0.00 ms.
Unloading 1537 Unused Serialized files (Serialized files now loaded: 0)
System memory in use before: 73.6 MB.
System memory in use after: 73.7 MB.

Unloading 23 unused Assets to reduce memory usage. Loaded Objects now: 2045.
Total: 13.628700 ms (FindLiveObjects: 0.644200 ms CreateObjectMapping: 0.252100 ms MarkObjects: 12.590300 ms  DeleteObjects: 0.134100 ms)

========================================================================
Received Import Request.
  Time since last request: 3797.121948 seconds.
  path: Assets/Scenes/Player.prefab
  artifactKey: Guid(d94ce04b346c73048a02d4380babebd4) Importer(815301076,1909f56bfc062723c751e8b465ee728b)
Start importing Assets/Scenes/Player.prefab using Guid(d94ce04b346c73048a02d4380babebd4) Importer(815301076,1909f56bfc062723c751e8b465ee728b)  -> (artifact id: 'b904ffcf3152a83d6b6ed58443fc2789') in 0.247490 seconds
  Import took 0.258578 seconds .

========================================================================
Received Import Request.
  Time since last request: 0.000412 seconds.
  path: Assets/Scenes/Trail.prefab
  artifactKey: Guid(b666e315a41145043acbeb2cbc8577c6) Importer(815301076,1909f56bfc062723c751e8b465ee728b)
Start importing Assets/Scenes/Trail.prefab using Guid(b666e315a41145043acbeb2cbc8577c6) Importer(815301076,1909f56bfc062723c751e8b465ee728b)  -> (artifact id: '3cef26ea8779f9ecc702b00d3ac42b3d') in 0.012531 seconds
  Import took 0.019439 seconds .

========================================================================
Received Import Request.
  Time since last request: 1.181983 seconds.
  path: Assets/Scenes/Player.prefab
  artifactKey: Guid(d94ce04b346c73048a02d4380babebd4) Importer(815301076,1909f56bfc062723c751e8b465ee728b)
Start importing Assets/Scenes/Player.prefab using Guid(d94ce04b346c73048a02d4380babebd4) Importer(815301076,1909f56bfc062723c751e8b465ee728b)  -> (artifact id: 'b904ffcf3152a83d6b6ed58443fc2789') in 0.046618 seconds
  Import took 0.058151 seconds .

========================================================================
Received Prepare
Registering precompiled user dll's ...
Registered in 0.014117 seconds.
Begin MonoManager ReloadAssembly
Native extension for WindowsStandalone target not found
Refreshing native plugins compatible for Editor in 0.94 ms, found 0 plugins.
Preloading 0 native plugins for Editor in 0.00 ms.
Mono: successfully reloaded assembly
- Completed reload, in  2.883 seconds
Platform modules already initialized, skipping
Refreshing native plugins compatible for Editor in 1.23 ms, found 0 plugins.
Preloading 0 native plugins for Editor in 0.00 ms.
Unloading 1537 Unused Serialized files (Serialized files now loaded: 0)
System memory in use before: 73.6 MB.
System memory in use after: 73.7 MB.

Unloading 24 unused Assets to reduce memory usage. Loaded Objects now: 2049.
Total: 16.966600 ms (FindLiveObjects: 0.747000 ms CreateObjectMapping: 0.332300 ms MarkObjects: 15.667400 ms  DeleteObjects: 0.216600 ms)

========================================================================
Received Import Request.
  Time since last request: 170.422477 seconds.
  path: Assets/Scenes/Trail.prefab
  artifactKey: Guid(b666e315a41145043acbeb2cbc8577c6) Importer(815301076,1909f56bfc062723c751e8b465ee728b)
Start importing Assets/Scenes/Trail.prefab using Guid(b666e315a41145043acbeb2cbc8577c6) Importer(815301076,1909f56bfc062723c751e8b465ee728b)  -> (artifact id: 'a4afda3bfb45ebf5415eb22d7bf4fdd7') in 0.050536 seconds
  Import took 0.059189 seconds .

========================================================================
Received Import Request.
  Time since last request: 10.191236 seconds.
  path: Assets/Scenes/Trail.prefab
  artifactKey: Guid(b666e315a41145043acbeb2cbc8577c6) Importer(815301076,1909f56bfc062723c751e8b465ee728b)
Start importing Assets/Scenes/Trail.prefab using Guid(b666e315a41145043acbeb2cbc8577c6) Importer(815301076,1909f56bfc062723c751e8b465ee728b)  -> (artifact id: 'e211e25a1d4c6b2ccf6a9981489e41b6') in 0.019101 seconds
  Import took 0.032503 seconds .

========================================================================
Received Prepare
Registering precompiled user dll's ...
Registered in 0.027793 seconds.
Begin MonoManager ReloadAssembly
Native extension for WindowsStandalone target not found
Refreshing native plugins compatible for Editor in 0.68 ms, found 0 plugins.
Preloading 0 native plugins for Editor in 0.00 ms.
Mono: successfully reloaded assembly
- Completed reload, in  2.074 seconds
Platform modules already initialized, skipping
Refreshing native plugins compatible for Editor in 1.01 ms, found 0 plugins.
Preloading 0 native plugins for Editor in 0.00 ms.
Unloading 1537 Unused Serialized files (Serialized files now loaded: 0)
System memory in use before: 73.6 MB.
System memory in use after: 73.7 MB.

Unloading 23 unused Assets to reduce memory usage. Loaded Objects now: 2052.
Total: 12.275700 ms (FindLiveObjects: 0.636200 ms CreateObjectMapping: 0.193200 ms MarkObjects: 11.291100 ms  DeleteObjects: 0.151500 ms)

========================================================================
Received Prepare
Registering precompiled user dll's ...
Registered in 0.024181 seconds.
Begin MonoManager ReloadAssembly
Native extension for WindowsStandalone target not found
Refreshing native plugins compatible for Editor in 1.25 ms, found 0 plugins.
Preloading 0 native plugins for Editor in 0.00 ms.
Mono: successfully reloaded assembly
- Completed reload, in  3.597 seconds
Platform modules already initialized, skipping
Refreshing native plugins compatible for Editor in 0.79 ms, found 0 plugins.
Preloading 0 native plugins for Editor in 0.00 ms.
Unloading 1537 Unused Serialized files (Serialized files now loaded: 0)
System memory in use before: 73.6 MB.
System memory in use after: 73.7 MB.

Unloading 23 unused Assets to reduce memory usage. Loaded Objects now: 2055.
Total: 17.615400 ms (FindLiveObjects: 0.519400 ms CreateObjectMapping: 0.217200 ms MarkObjects: 16.620800 ms  DeleteObjects: 0.253900 ms)

========================================================================
Received Import Request.
  Time since last request: 1150.027418 seconds.
  path: Assets/Scenes/Camer_pos.cs
  artifactKey: Guid(ca8a727ccd397b442a1d9411f00c41a4) Importer(815301076,1909f56bfc062723c751e8b465ee728b)
Start importing Assets/Scenes/Camer_pos.cs using Guid(ca8a727ccd397b442a1d9411f00c41a4) Importer(815301076,1909f56bfc062723c751e8b465ee728b)  -> (artifact id: '4b0cc5c2bfa6287000bed05ac9d91a15') in 0.050528 seconds
  Import took 0.062124 seconds .

========================================================================
Received Import Request.
  Time since last request: 2.750692 seconds.
  path: Assets/Scenes/GameCanvasLogic.cs
  artifactKey: Guid(7ac0246b1d561a845bcb4711509e194a) Importer(815301076,1909f56bfc062723c751e8b465ee728b)
Start importing Assets/Scenes/GameCanvasLogic.cs using Guid(7ac0246b1d561a845bcb4711509e194a) Importer(815301076,1909f56bfc062723c751e8b465ee728b)  -> (artifact id: 'ebe6b6aa1a9b0d3f8f64e6fd3c0c7022') in 0.035116 seconds
  Import took 0.049749 seconds .

========================================================================
Received Import Request.
  Time since last request: 10.373098 seconds.
  path: Assets/Scenes/resize.cs
  artifactKey: Guid(29283bb3d1fc74244b95d32edc932d26) Importer(815301076,1909f56bfc062723c751e8b465ee728b)
Start importing Assets/Scenes/resize.cs using Guid(29283bb3d1fc74244b95d32edc932d26) Importer(815301076,1909f56bfc062723c751e8b465ee728b)  -> (artifact id: '0004748b07aa9d4f63eeae49ee394a37') in 0.036105 seconds
  Import took 0.050732 seconds .

========================================================================
Received Import Request.
  Time since last request: 2.451393 seconds.
  path: Assets/Scenes/Rotation_player.cs
  artifactKey: Guid(ae5bfc922c612da43a36adedd704f710) Importer(815301076,1909f56bfc062723c751e8b465ee728b)
Start importing Assets/Scenes/Rotation_player.cs using Guid(ae5bfc922c612da43a36adedd704f710) Importer(815301076,1909f56bfc062723c751e8b465ee728b)  -> (artifact id: '510712b8a280ccc28ce69842311cecba') in 0.024864 seconds
  Import took 0.036445 seconds .

========================================================================
Received Import Request.
  Time since last request: 0.008424 seconds.
  path: Assets/Scenes/Rotation_player.cs
  artifactKey: Guid(ae5bfc922c612da43a36adedd704f710) Importer(815301076,1909f56bfc062723c751e8b465ee728b)
Start importing Assets/Scenes/Rotation_player.cs using Guid(ae5bfc922c612da43a36adedd704f710) Importer(815301076,1909f56bfc062723c751e8b465ee728b)  -> (artifact id: '510712b8a280ccc28ce69842311cecba') in 0.007734 seconds
  Import took 0.014184 seconds .

========================================================================
Received Import Request.
  Time since last request: 9.771345 seconds.
  path: Assets/get_shot.cs
  artifactKey: Guid(8415ab405d415184bac0686d46beda00) Importer(815301076,1909f56bfc062723c751e8b465ee728b)
Start importing Assets/get_shot.cs using Guid(8415ab405d415184bac0686d46beda00) Importer(815301076,1909f56bfc062723c751e8b465ee728b)  -> (artifact id: 'b22f42288551392a53b379cddfc7f36d') in 0.030738 seconds
  Import took 0.043208 seconds .

========================================================================
Received Import Request.
  Time since last request: 5.773976 seconds.
  path: Assets/rotate_random.cs
  artifactKey: Guid(b425d15fd1639174d839decad9137e89) Importer(815301076,1909f56bfc062723c751e8b465ee728b)
Start importing Assets/rotate_random.cs using Guid(b425d15fd1639174d839decad9137e89) Importer(815301076,1909f56bfc062723c751e8b465ee728b)  -> (artifact id: '4c8f72dae48bb030d357187094310978') in 0.021540 seconds
  Import took 0.028789 seconds .

========================================================================
Received Import Request.
  Time since last request: 0.002935 seconds.
  path: Assets/rotate_random.cs
  artifactKey: Guid(b425d15fd1639174d839decad9137e89) Importer(815301076,1909f56bfc062723c751e8b465ee728b)
Start importing Assets/rotate_random.cs using Guid(b425d15fd1639174d839decad9137e89) Importer(815301076,1909f56bfc062723c751e8b465ee728b)  -> (artifact id: '4c8f72dae48bb030d357187094310978') in 0.008529 seconds
  Import took 0.015846 seconds .

========================================================================
Received Import Request.
  Time since last request: 11.211501 seconds.
  path: Assets/PS/Pentagram/Blue_player_rec.prefab
  artifactKey: Guid(0051cdc2c01aba34db62db23e26a376c) Importer(815301076,1909f56bfc062723c751e8b465ee728b)
Start importing Assets/PS/Pentagram/Blue_player_rec.prefab using Guid(0051cdc2c01aba34db62db23e26a376c) Importer(815301076,1909f56bfc062723c751e8b465ee728b)  -> (artifact id: 'f0798adb73e1418356151c0b90144a62') in 0.159720 seconds
  Import took 0.173917 seconds .

========================================================================
Received Import Request.
  Time since last request: 0.000866 seconds.
  path: Assets/PS/Pentagram/Player_rec.prefab
  artifactKey: Guid(ca76fd17abe488c44b4a7567ba79411d) Importer(815301076,1909f56bfc062723c751e8b465ee728b)
Start importing Assets/PS/Pentagram/Player_rec.prefab using Guid(ca76fd17abe488c44b4a7567ba79411d) Importer(815301076,1909f56bfc062723c751e8b465ee728b)  -> (artifact id: '631b5ddf27f4142ea5ea21000e765efe') in 0.045248 seconds
  Import took 0.062073 seconds .

AssetImportWorkerClient::OnTransportError - code=2 error=End of file
