Using pre-set license
Built from '2020.3/staging' branch; Version is '2020.3.6f1 (338bb68529b2) revision 3378102'; Using compiler version '192528614'; Build Type 'Release'
OS: 'Windows 10 Home Single Language; OS build 19042.928; Version 2009; 64bit' Language: 'en' Physical Memory: 8072 MB
BatchMode: 1, IsHumanControllingUs: 0, StartBugReporterOnCrash: 0, Is64bit: 1, IsPro: 0

 COMMAND LINE ARGUMENTS:
C:\Program Files\Unity\Hub\Editor\2020.3.4f1\Editor\Unity.exe
-adb2
-batchMode
-noUpm
-name
AssetImportWorker0
-projectPath
C:/Users/malik/New Unity Project copy
-logFile
Logs/AssetImportWorker0.log
-srvPort
51325
Successfully changed project path to: C:/Users/malik/New Unity Project copy
C:/Users/malik/New Unity Project copy
Using Asset Import Pipeline V2.
Refreshing native plugins compatible for Editor in 134.22 ms, found 0 plugins.
Preloading 0 native plugins for Editor in 0.00 ms.
Initialize engine version: 2020.3.6f1 (338bb68529b2)
[Subsystems] Discovering subsystems at path C:/Program Files/Unity/Hub/Editor/2020.3.4f1/Editor/Data/Resources/UnitySubsystems
[Subsystems] Discovering subsystems at path C:/Users/malik/New Unity Project copy/Assets
GfxDevice: creating device client; threaded=0
Direct3D:
    Version:  Direct3D 11.0 [level 11.1]
    Renderer: NVIDIA GeForce GTX 1650 (ID=0x1f91)
    Vendor:   
    VRAM:     3962 MB
    Driver:   26.21.14.4223
Initialize mono
Mono path[0] = 'C:/Program Files/Unity/Hub/Editor/2020.3.4f1/Editor/Data/Managed'
Mono path[1] = 'C:/Program Files/Unity/Hub/Editor/2020.3.4f1/Editor/Data/MonoBleedingEdge/lib/mono/unityjit'
Mono config path = 'C:/Program Files/Unity/Hub/Editor/2020.3.4f1/Editor/Data/MonoBleedingEdge/etc'
Using monoOptions --debugger-agent=transport=dt_socket,embedding=1,server=y,suspend=n,address=127.0.0.1:56788
Begin MonoManager ReloadAssembly
Registering precompiled unity dll's ...
Register platform support module: C:/Program Files/Unity/Hub/Editor/2020.3.4f1/Editor/Data/PlaybackEngines/WindowsStandaloneSupport/UnityEditor.WindowsStandalone.Extensions.dll
Registered in 0.006570 seconds.
Native extension for WindowsStandalone target not found
Refreshing native plugins compatible for Editor in 73.99 ms, found 0 plugins.
Preloading 0 native plugins for Editor in 0.00 ms.
Mono: successfully reloaded assembly
- Completed reload, in  5.092 seconds
Platform modules already initialized, skipping
Registering precompiled user dll's ...
Registered in 0.015922 seconds.
Begin MonoManager ReloadAssembly
Native extension for WindowsStandalone target not found
Refreshing native plugins compatible for Editor in 0.59 ms, found 0 plugins.
Preloading 0 native plugins for Editor in 0.00 ms.
Mono: successfully reloaded assembly
- Completed reload, in  2.432 seconds
Platform modules already initialized, skipping
========================================================================
Worker process is ready to serve import requests
Launched and connected shader compiler UnityShaderCompiler.exe after 0.11 seconds
Refreshing native plugins compatible for Editor in 0.48 ms, found 0 plugins.
Preloading 0 native plugins for Editor in 0.00 ms.
Unloading 1245 Unused Serialized files (Serialized files now loaded: 0)
System memory in use before: 62.3 MB.
System memory in use after: 62.3 MB.

Unloading 14 unused Assets to reduce memory usage. Loaded Objects now: 1691.
Total: 4.191900 ms (FindLiveObjects: 0.269500 ms CreateObjectMapping: 0.090600 ms MarkObjects: 3.575700 ms  DeleteObjects: 0.252500 ms)

========================================================================
Received Import Request.
  path: Assets/Scenes/Player.prefab
  artifactKey: Guid(d94ce04b346c73048a02d4380babebd4) Importer(815301076,1909f56bfc062723c751e8b465ee728b)
Start importing Assets/Scenes/Player.prefab using Guid(d94ce04b346c73048a02d4380babebd4) Importer(815301076,1909f56bfc062723c751e8b465ee728b)  -> (artifact id: '39416422a07bea39e17d66b0e0c1a517') in 0.328738 seconds
  Import took 0.337856 seconds .

========================================================================
Received Import Request.
  Time since last request: 0.001197 seconds.
  path: Assets/Scenes/Player_obj.prefab
  artifactKey: Guid(e781d17c5f8ddbe4cac71d1978cbc399) Importer(815301076,1909f56bfc062723c751e8b465ee728b)
Start importing Assets/Scenes/Player_obj.prefab using Guid(e781d17c5f8ddbe4cac71d1978cbc399) Importer(815301076,1909f56bfc062723c751e8b465ee728b)  -> (artifact id: '9abf2d9b9967aa57a7a3e259f6b5f842') in 0.051516 seconds
  Import took 0.059772 seconds .

========================================================================
Received Import Request.
  Time since last request: 0.000564 seconds.
  path: Assets/PS/ORB/Materials
  artifactKey: Guid(e663579a1c76cd14bafa90a30a31d163) Importer(815301076,1909f56bfc062723c751e8b465ee728b)
Start importing Assets/PS/ORB/Materials using Guid(e663579a1c76cd14bafa90a30a31d163) Importer(815301076,1909f56bfc062723c751e8b465ee728b)  -> (artifact id: 'b8ee4e02679ad16b3a5f52c00a2d9951') in 0.020301 seconds
  Import took 0.028358 seconds .

========================================================================
Received Import Request.
  Time since last request: 25.582847 seconds.
  path: Assets/PS/ORB/PS.prefab
  artifactKey: Guid(b9251dc1ec5f76f4199470404d97603c) Importer(815301076,1909f56bfc062723c751e8b465ee728b)
Start importing Assets/PS/ORB/PS.prefab using Guid(b9251dc1ec5f76f4199470404d97603c) Importer(815301076,1909f56bfc062723c751e8b465ee728b)  -> (artifact id: '85be40fe348b45a93f6005b096a3d5e8') in 0.054296 seconds
  Import took 0.060742 seconds .

========================================================================
Received Import Request.
  Time since last request: 6.072461 seconds.
  path: Assets/PS/ORB/PS.prefab
  artifactKey: Guid(b9251dc1ec5f76f4199470404d97603c) Importer(815301076,1909f56bfc062723c751e8b465ee728b)
Start importing Assets/PS/ORB/PS.prefab using Guid(b9251dc1ec5f76f4199470404d97603c) Importer(815301076,1909f56bfc062723c751e8b465ee728b)  -> (artifact id: 'a565f2fb649746e00fd93ee96db1aa20') in 0.034835 seconds
  Import took 0.042477 seconds .

========================================================================
Received Prepare
Registering precompiled user dll's ...
Registered in 0.008283 seconds.
Begin MonoManager ReloadAssembly
Native extension for WindowsStandalone target not found
Refreshing native plugins compatible for Editor in 0.62 ms, found 0 plugins.
Preloading 0 native plugins for Editor in 0.00 ms.
Mono: successfully reloaded assembly
- Completed reload, in  2.795 seconds
Platform modules already initialized, skipping
Refreshing native plugins compatible for Editor in 0.45 ms, found 0 plugins.
Preloading 0 native plugins for Editor in 0.00 ms.
Unloading 1240 Unused Serialized files (Serialized files now loaded: 0)
System memory in use before: 65.5 MB.
System memory in use after: 65.6 MB.

Unloading 10 unused Assets to reduce memory usage. Loaded Objects now: 1703.
Total: 2.607000 ms (FindLiveObjects: 0.168700 ms CreateObjectMapping: 0.053900 ms MarkObjects: 2.310500 ms  DeleteObjects: 0.072600 ms)

========================================================================
Received Import Request.
  Time since last request: 107.123896 seconds.
  path: Assets/PS/ORB/PS.prefab
  artifactKey: Guid(b9251dc1ec5f76f4199470404d97603c) Importer(815301076,1909f56bfc062723c751e8b465ee728b)
Start importing Assets/PS/ORB/PS.prefab using Guid(b9251dc1ec5f76f4199470404d97603c) Importer(815301076,1909f56bfc062723c751e8b465ee728b)  -> (artifact id: 'd05814138b73f472ad91bdb73586bf7f') in 0.119776 seconds
  Import took 0.137373 seconds .

========================================================================
Received Prepare
Registering precompiled user dll's ...
Registered in 0.005372 seconds.
Begin MonoManager ReloadAssembly
Native extension for WindowsStandalone target not found
Refreshing native plugins compatible for Editor in 0.59 ms, found 0 plugins.
Preloading 0 native plugins for Editor in 0.00 ms.
Mono: successfully reloaded assembly
- Completed reload, in  2.247 seconds
Platform modules already initialized, skipping
Refreshing native plugins compatible for Editor in 2.71 ms, found 0 plugins.
Preloading 0 native plugins for Editor in 0.00 ms.
Unloading 1240 Unused Serialized files (Serialized files now loaded: 0)
System memory in use before: 65.5 MB.
System memory in use after: 65.6 MB.

Unloading 9 unused Assets to reduce memory usage. Loaded Objects now: 1707.
Total: 3.484800 ms (FindLiveObjects: 0.210600 ms CreateObjectMapping: 0.056800 ms MarkObjects: 3.129100 ms  DeleteObjects: 0.086100 ms)

========================================================================
Received Prepare
Registering precompiled user dll's ...
Registered in 0.006513 seconds.
Begin MonoManager ReloadAssembly
Native extension for WindowsStandalone target not found
Refreshing native plugins compatible for Editor in 0.71 ms, found 0 plugins.
Preloading 0 native plugins for Editor in 0.00 ms.
Mono: successfully reloaded assembly
- Completed reload, in  2.972 seconds
Platform modules already initialized, skipping
Refreshing native plugins compatible for Editor in 0.60 ms, found 0 plugins.
Preloading 0 native plugins for Editor in 0.00 ms.
Unloading 1240 Unused Serialized files (Serialized files now loaded: 0)
System memory in use before: 65.5 MB.
System memory in use after: 65.6 MB.

Unloading 9 unused Assets to reduce memory usage. Loaded Objects now: 1710.
Total: 6.978700 ms (FindLiveObjects: 0.515100 ms CreateObjectMapping: 0.116900 ms MarkObjects: 6.217300 ms  DeleteObjects: 0.124200 ms)

========================================================================
Received Prepare
Registering precompiled user dll's ...
Registered in 0.017514 seconds.
Begin MonoManager ReloadAssembly
Native extension for WindowsStandalone target not found
Refreshing native plugins compatible for Editor in 0.56 ms, found 0 plugins.
Preloading 0 native plugins for Editor in 0.00 ms.
Mono: successfully reloaded assembly
- Completed reload, in  2.496 seconds
Platform modules already initialized, skipping
Refreshing native plugins compatible for Editor in 0.46 ms, found 0 plugins.
Preloading 0 native plugins for Editor in 0.00 ms.
Unloading 1240 Unused Serialized files (Serialized files now loaded: 0)
System memory in use before: 65.6 MB.
System memory in use after: 65.6 MB.

Unloading 9 unused Assets to reduce memory usage. Loaded Objects now: 1713.
Total: 2.449000 ms (FindLiveObjects: 0.211200 ms CreateObjectMapping: 0.049200 ms MarkObjects: 2.096700 ms  DeleteObjects: 0.090000 ms)

========================================================================
Received Prepare
Registering precompiled user dll's ...
Registered in 0.006952 seconds.
Begin MonoManager ReloadAssembly
Native extension for WindowsStandalone target not found
Refreshing native plugins compatible for Editor in 1.60 ms, found 0 plugins.
Preloading 0 native plugins for Editor in 0.00 ms.
Mono: successfully reloaded assembly
- Completed reload, in  2.964 seconds
Platform modules already initialized, skipping
Refreshing native plugins compatible for Editor in 1.14 ms, found 0 plugins.
Preloading 0 native plugins for Editor in 0.00 ms.
Unloading 1240 Unused Serialized files (Serialized files now loaded: 0)
System memory in use before: 65.6 MB.
System memory in use after: 65.6 MB.

Unloading 9 unused Assets to reduce memory usage. Loaded Objects now: 1716.
Total: 8.513200 ms (FindLiveObjects: 1.208400 ms CreateObjectMapping: 0.238000 ms MarkObjects: 6.880000 ms  DeleteObjects: 0.173900 ms)

========================================================================
Received Import Request.
  Time since last request: 465.864394 seconds.
  path: Assets/PS/ORB/PS.prefab
  artifactKey: Guid(b9251dc1ec5f76f4199470404d97603c) Importer(815301076,1909f56bfc062723c751e8b465ee728b)
Start importing Assets/PS/ORB/PS.prefab using Guid(b9251dc1ec5f76f4199470404d97603c) Importer(815301076,1909f56bfc062723c751e8b465ee728b)  -> (artifact id: 'de8c771ac45e74ee585d2632188c4efe') in 0.206049 seconds
  Import took 0.214126 seconds .

========================================================================
Received Prepare
Registering precompiled user dll's ...
Registered in 0.007711 seconds.
Begin MonoManager ReloadAssembly
Native extension for WindowsStandalone target not found
Refreshing native plugins compatible for Editor in 0.40 ms, found 0 plugins.
Preloading 0 native plugins for Editor in 0.00 ms.
Mono: successfully reloaded assembly
- Completed reload, in  2.243 seconds
Platform modules already initialized, skipping
Refreshing native plugins compatible for Editor in 0.98 ms, found 0 plugins.
Preloading 0 native plugins for Editor in 0.00 ms.
Unloading 1240 Unused Serialized files (Serialized files now loaded: 0)
System memory in use before: 65.6 MB.
System memory in use after: 65.7 MB.

Unloading 9 unused Assets to reduce memory usage. Loaded Objects now: 1720.
Total: 3.907400 ms (FindLiveObjects: 0.406200 ms CreateObjectMapping: 0.132500 ms MarkObjects: 3.299900 ms  DeleteObjects: 0.066400 ms)

========================================================================
Received Import Request.
  Time since last request: 52.982645 seconds.
  path: Assets/PS/ORB/PS.prefab
  artifactKey: Guid(b9251dc1ec5f76f4199470404d97603c) Importer(815301076,1909f56bfc062723c751e8b465ee728b)
Start importing Assets/PS/ORB/PS.prefab using Guid(b9251dc1ec5f76f4199470404d97603c) Importer(815301076,1909f56bfc062723c751e8b465ee728b)  -> (artifact id: '04fbdc494f1294495ae055371257d5d1') in 0.194616 seconds
  Import took 0.205208 seconds .

========================================================================
Received Import Request.
  Time since last request: 19.060049 seconds.
  path: Assets/PS/ORB/PS.prefab
  artifactKey: Guid(b9251dc1ec5f76f4199470404d97603c) Importer(815301076,1909f56bfc062723c751e8b465ee728b)
Start importing Assets/PS/ORB/PS.prefab using Guid(b9251dc1ec5f76f4199470404d97603c) Importer(815301076,1909f56bfc062723c751e8b465ee728b)  -> (artifact id: 'ebc631a80d965506a334a722cb42f47f') in 0.039571 seconds
  Import took 0.051739 seconds .

========================================================================
Received Import Request.
  Time since last request: 20.033248 seconds.
  path: Assets/PS/ORB/PS.prefab
  artifactKey: Guid(b9251dc1ec5f76f4199470404d97603c) Importer(815301076,1909f56bfc062723c751e8b465ee728b)
Start importing Assets/PS/ORB/PS.prefab using Guid(b9251dc1ec5f76f4199470404d97603c) Importer(815301076,1909f56bfc062723c751e8b465ee728b)  -> (artifact id: '1f2da43688d1956a09458d49050316fd') in 0.036786 seconds
  Import took 0.044532 seconds .

========================================================================
Received Prepare
Registering precompiled user dll's ...
Registered in 0.009390 seconds.
Begin MonoManager ReloadAssembly
Native extension for WindowsStandalone target not found
Refreshing native plugins compatible for Editor in 0.71 ms, found 0 plugins.
Preloading 0 native plugins for Editor in 0.00 ms.
Mono: successfully reloaded assembly
- Completed reload, in  3.174 seconds
Platform modules already initialized, skipping
Refreshing native plugins compatible for Editor in 1.04 ms, found 0 plugins.
Preloading 0 native plugins for Editor in 0.00 ms.
Unloading 1240 Unused Serialized files (Serialized files now loaded: 0)
System memory in use before: 65.6 MB.
System memory in use after: 65.7 MB.

Unloading 9 unused Assets to reduce memory usage. Loaded Objects now: 1724.
Total: 4.753400 ms (FindLiveObjects: 0.711900 ms CreateObjectMapping: 0.250100 ms MarkObjects: 3.564700 ms  DeleteObjects: 0.223700 ms)

========================================================================
Received Prepare
Registering precompiled user dll's ...
Registered in 0.007945 seconds.
Begin MonoManager ReloadAssembly
Native extension for WindowsStandalone target not found
Refreshing native plugins compatible for Editor in 0.34 ms, found 0 plugins.
Preloading 0 native plugins for Editor in 0.00 ms.
Mono: successfully reloaded assembly
- Completed reload, in  1.701 seconds
Platform modules already initialized, skipping
Refreshing native plugins compatible for Editor in 0.53 ms, found 0 plugins.
Preloading 0 native plugins for Editor in 0.00 ms.
Unloading 1240 Unused Serialized files (Serialized files now loaded: 0)
System memory in use before: 65.6 MB.
System memory in use after: 65.7 MB.

Unloading 9 unused Assets to reduce memory usage. Loaded Objects now: 1727.
Total: 2.903300 ms (FindLiveObjects: 0.211600 ms CreateObjectMapping: 0.069300 ms MarkObjects: 2.542600 ms  DeleteObjects: 0.077500 ms)

========================================================================
Received Prepare
Registering precompiled user dll's ...
Registered in 0.010236 seconds.
Begin MonoManager ReloadAssembly
Native extension for WindowsStandalone target not found
Refreshing native plugins compatible for Editor in 0.89 ms, found 0 plugins.
Preloading 0 native plugins for Editor in 0.00 ms.
Mono: successfully reloaded assembly
- Completed reload, in  2.292 seconds
Platform modules already initialized, skipping
Refreshing native plugins compatible for Editor in 0.70 ms, found 0 plugins.
Preloading 0 native plugins for Editor in 0.00 ms.
Unloading 1240 Unused Serialized files (Serialized files now loaded: 0)
System memory in use before: 65.6 MB.
System memory in use after: 65.7 MB.

Unloading 9 unused Assets to reduce memory usage. Loaded Objects now: 1730.
Total: 2.959900 ms (FindLiveObjects: 0.330100 ms CreateObjectMapping: 0.132200 ms MarkObjects: 2.417300 ms  DeleteObjects: 0.077500 ms)

========================================================================
Received Prepare
Registering precompiled user dll's ...
Registered in 0.005739 seconds.
Begin MonoManager ReloadAssembly
Native extension for WindowsStandalone target not found
Refreshing native plugins compatible for Editor in 0.89 ms, found 0 plugins.
Preloading 0 native plugins for Editor in 0.00 ms.
Mono: successfully reloaded assembly
- Completed reload, in  1.897 seconds
Platform modules already initialized, skipping
Refreshing native plugins compatible for Editor in 0.54 ms, found 0 plugins.
Preloading 0 native plugins for Editor in 0.00 ms.
Unloading 1240 Unused Serialized files (Serialized files now loaded: 0)
System memory in use before: 65.6 MB.
System memory in use after: 65.7 MB.

Unloading 9 unused Assets to reduce memory usage. Loaded Objects now: 1733.
Total: 6.044300 ms (FindLiveObjects: 0.482600 ms CreateObjectMapping: 0.130500 ms MarkObjects: 5.128700 ms  DeleteObjects: 0.297800 ms)

========================================================================
Received Prepare
Registering precompiled user dll's ...
Registered in 0.009815 seconds.
Begin MonoManager ReloadAssembly
Native extension for WindowsStandalone target not found
Refreshing native plugins compatible for Editor in 0.44 ms, found 0 plugins.
Preloading 0 native plugins for Editor in 0.00 ms.
Mono: successfully reloaded assembly
- Completed reload, in  1.851 seconds
Platform modules already initialized, skipping
Script error: OnTriggerEnter
This message parameter has to be of type: Collider
The message will be ignored.

Refreshing native plugins compatible for Editor in 0.74 ms, found 0 plugins.
Preloading 0 native plugins for Editor in 0.00 ms.
Unloading 1240 Unused Serialized files (Serialized files now loaded: 0)
System memory in use before: 65.8 MB.
System memory in use after: 65.8 MB.

Unloading 9 unused Assets to reduce memory usage. Loaded Objects now: 1736.
Total: 4.072500 ms (FindLiveObjects: 0.231300 ms CreateObjectMapping: 0.078200 ms MarkObjects: 3.670000 ms  DeleteObjects: 0.091100 ms)

========================================================================
Received Prepare
Registering precompiled user dll's ...
Registered in 0.005019 seconds.
Begin MonoManager ReloadAssembly
Native extension for WindowsStandalone target not found
Refreshing native plugins compatible for Editor in 0.57 ms, found 0 plugins.
Preloading 0 native plugins for Editor in 0.00 ms.
Mono: successfully reloaded assembly
- Completed reload, in  1.993 seconds
Platform modules already initialized, skipping
Script error: OnTriggerEnter
This message parameter has to be of type: Collider
The message will be ignored.

Refreshing native plugins compatible for Editor in 0.38 ms, found 0 plugins.
Preloading 0 native plugins for Editor in 0.00 ms.
Unloading 1240 Unused Serialized files (Serialized files now loaded: 0)
System memory in use before: 65.8 MB.
System memory in use after: 65.8 MB.

Unloading 9 unused Assets to reduce memory usage. Loaded Objects now: 1739.
Total: 4.446700 ms (FindLiveObjects: 0.304300 ms CreateObjectMapping: 0.084600 ms MarkObjects: 3.865100 ms  DeleteObjects: 0.189300 ms)

========================================================================
Received Prepare
Registering precompiled user dll's ...
Registered in 0.009464 seconds.
Begin MonoManager ReloadAssembly
Native extension for WindowsStandalone target not found
Refreshing native plugins compatible for Editor in 0.53 ms, found 0 plugins.
Preloading 0 native plugins for Editor in 0.00 ms.
Mono: successfully reloaded assembly
- Completed reload, in  2.576 seconds
Platform modules already initialized, skipping
Script error: OnTriggerEnter
This message parameter has to be of type: Collider
The message will be ignored.

Refreshing native plugins compatible for Editor in 0.57 ms, found 0 plugins.
Preloading 0 native plugins for Editor in 0.00 ms.
Unloading 1240 Unused Serialized files (Serialized files now loaded: 0)
System memory in use before: 65.8 MB.
System memory in use after: 65.8 MB.

Unloading 9 unused Assets to reduce memory usage. Loaded Objects now: 1742.
Total: 4.411700 ms (FindLiveObjects: 0.310600 ms CreateObjectMapping: 0.110100 ms MarkObjects: 3.870700 ms  DeleteObjects: 0.117800 ms)

========================================================================
Received Prepare
Registering precompiled user dll's ...
Registered in 0.004794 seconds.
Begin MonoManager ReloadAssembly
Native extension for WindowsStandalone target not found
Refreshing native plugins compatible for Editor in 0.61 ms, found 0 plugins.
Preloading 0 native plugins for Editor in 0.00 ms.
Mono: successfully reloaded assembly
- Completed reload, in  2.290 seconds
Platform modules already initialized, skipping
Refreshing native plugins compatible for Editor in 0.45 ms, found 0 plugins.
Preloading 0 native plugins for Editor in 0.00 ms.
Unloading 1240 Unused Serialized files (Serialized files now loaded: 0)
System memory in use before: 65.8 MB.
System memory in use after: 65.8 MB.

Unloading 9 unused Assets to reduce memory usage. Loaded Objects now: 1745.
Total: 3.643100 ms (FindLiveObjects: 0.240400 ms CreateObjectMapping: 0.075000 ms MarkObjects: 3.231700 ms  DeleteObjects: 0.093200 ms)

========================================================================
Received Import Request.
  Time since last request: 652.697839 seconds.
  path: Assets/Scenes/Player.prefab
  artifactKey: Guid(d94ce04b346c73048a02d4380babebd4) Importer(815301076,1909f56bfc062723c751e8b465ee728b)
Start importing Assets/Scenes/Player.prefab using Guid(d94ce04b346c73048a02d4380babebd4) Importer(815301076,1909f56bfc062723c751e8b465ee728b)  -> (artifact id: 'cbd38f887857b92eca274f814ba2130a') in 0.266357 seconds
  Import took 0.279083 seconds .

========================================================================
Received Prepare
Registering precompiled user dll's ...
Registered in 0.009732 seconds.
Begin MonoManager ReloadAssembly
Native extension for WindowsStandalone target not found
Refreshing native plugins compatible for Editor in 1.16 ms, found 0 plugins.
Preloading 0 native plugins for Editor in 0.00 ms.
Mono: successfully reloaded assembly
- Completed reload, in  2.573 seconds
Platform modules already initialized, skipping
Refreshing native plugins compatible for Editor in 0.62 ms, found 0 plugins.
Preloading 0 native plugins for Editor in 0.00 ms.
Unloading 1240 Unused Serialized files (Serialized files now loaded: 0)
System memory in use before: 65.8 MB.
System memory in use after: 65.9 MB.

Unloading 10 unused Assets to reduce memory usage. Loaded Objects now: 1749.
Total: 3.730300 ms (FindLiveObjects: 0.482100 ms CreateObjectMapping: 0.168300 ms MarkObjects: 2.969900 ms  DeleteObjects: 0.106600 ms)

========================================================================
Received Prepare
Registering precompiled user dll's ...
Registered in 0.011603 seconds.
Begin MonoManager ReloadAssembly
Native extension for WindowsStandalone target not found
Refreshing native plugins compatible for Editor in 0.60 ms, found 0 plugins.
Preloading 0 native plugins for Editor in 0.00 ms.
Mono: successfully reloaded assembly
- Completed reload, in  2.084 seconds
Platform modules already initialized, skipping
Refreshing native plugins compatible for Editor in 1.22 ms, found 0 plugins.
Preloading 0 native plugins for Editor in 0.00 ms.
Unloading 1240 Unused Serialized files (Serialized files now loaded: 0)
System memory in use before: 65.8 MB.
System memory in use after: 65.9 MB.

Unloading 9 unused Assets to reduce memory usage. Loaded Objects now: 1752.
Total: 5.139400 ms (FindLiveObjects: 0.415700 ms CreateObjectMapping: 0.135400 ms MarkObjects: 4.460700 ms  DeleteObjects: 0.124800 ms)

========================================================================
Received Import Request.
  Time since last request: 376.998537 seconds.
  path: Assets/Scenes/Player.prefab
  artifactKey: Guid(d94ce04b346c73048a02d4380babebd4) Importer(815301076,1909f56bfc062723c751e8b465ee728b)
Start importing Assets/Scenes/Player.prefab using Guid(d94ce04b346c73048a02d4380babebd4) Importer(815301076,1909f56bfc062723c751e8b465ee728b)  -> (artifact id: 'afdf4abbb63ba4b7f2cec819d9865777') in 0.172736 seconds
  Import took 0.189690 seconds .

========================================================================
Received Import Request.
  Time since last request: 14.361378 seconds.
  path: Assets/Scenes/Player.prefab
  artifactKey: Guid(d94ce04b346c73048a02d4380babebd4) Importer(815301076,1909f56bfc062723c751e8b465ee728b)
Start importing Assets/Scenes/Player.prefab using Guid(d94ce04b346c73048a02d4380babebd4) Importer(815301076,1909f56bfc062723c751e8b465ee728b)  -> (artifact id: 'b57012caaf6b394c20eb0f6c3ca6f29b') in 0.082868 seconds
  Import took 0.098032 seconds .

========================================================================
Received Prepare
Registering precompiled user dll's ...
Registered in 0.006885 seconds.
Begin MonoManager ReloadAssembly
Native extension for WindowsStandalone target not found
Refreshing native plugins compatible for Editor in 0.44 ms, found 0 plugins.
Preloading 0 native plugins for Editor in 0.00 ms.
Mono: successfully reloaded assembly
- Completed reload, in  1.744 seconds
Platform modules already initialized, skipping
Refreshing native plugins compatible for Editor in 0.77 ms, found 0 plugins.
Preloading 0 native plugins for Editor in 0.00 ms.
Unloading 1240 Unused Serialized files (Serialized files now loaded: 0)
System memory in use before: 65.8 MB.
System memory in use after: 65.9 MB.

Unloading 10 unused Assets to reduce memory usage. Loaded Objects now: 1756.
Total: 4.232400 ms (FindLiveObjects: 0.223000 ms CreateObjectMapping: 0.070700 ms MarkObjects: 3.852600 ms  DeleteObjects: 0.083800 ms)

========================================================================
Received Prepare
Registering precompiled user dll's ...
Registered in 0.006021 seconds.
Begin MonoManager ReloadAssembly
Native extension for WindowsStandalone target not found
Refreshing native plugins compatible for Editor in 3.07 ms, found 0 plugins.
Preloading 0 native plugins for Editor in 0.00 ms.
Mono: successfully reloaded assembly
- Completed reload, in  2.022 seconds
Platform modules already initialized, skipping
Refreshing native plugins compatible for Editor in 0.70 ms, found 0 plugins.
Preloading 0 native plugins for Editor in 0.00 ms.
Unloading 1240 Unused Serialized files (Serialized files now loaded: 0)
System memory in use before: 65.8 MB.
System memory in use after: 65.9 MB.

Unloading 9 unused Assets to reduce memory usage. Loaded Objects now: 1759.
Total: 5.077100 ms (FindLiveObjects: 0.626900 ms CreateObjectMapping: 0.168700 ms MarkObjects: 4.013100 ms  DeleteObjects: 0.262400 ms)

========================================================================
Received Prepare
Registering precompiled user dll's ...
Registered in 0.011902 seconds.
Begin MonoManager ReloadAssembly
Native extension for WindowsStandalone target not found
Refreshing native plugins compatible for Editor in 0.41 ms, found 0 plugins.
Preloading 0 native plugins for Editor in 0.00 ms.
Mono: successfully reloaded assembly
- Completed reload, in  1.400 seconds
Platform modules already initialized, skipping
Refreshing native plugins compatible for Editor in 0.32 ms, found 0 plugins.
Preloading 0 native plugins for Editor in 0.00 ms.
Unloading 1240 Unused Serialized files (Serialized files now loaded: 0)
System memory in use before: 65.8 MB.
System memory in use after: 65.9 MB.

Unloading 9 unused Assets to reduce memory usage. Loaded Objects now: 1762.
Total: 2.355700 ms (FindLiveObjects: 0.180000 ms CreateObjectMapping: 0.052300 ms MarkObjects: 2.061000 ms  DeleteObjects: 0.061000 ms)

========================================================================
Received Prepare
Registering precompiled user dll's ...
Registered in 0.006803 seconds.
Begin MonoManager ReloadAssembly
Native extension for WindowsStandalone target not found
Refreshing native plugins compatible for Editor in 0.35 ms, found 0 plugins.
Preloading 0 native plugins for Editor in 0.00 ms.
Mono: successfully reloaded assembly
- Completed reload, in  1.621 seconds
Platform modules already initialized, skipping
Refreshing native plugins compatible for Editor in 0.94 ms, found 0 plugins.
Preloading 0 native plugins for Editor in 0.00 ms.
Unloading 1240 Unused Serialized files (Serialized files now loaded: 0)
System memory in use before: 65.8 MB.
System memory in use after: 65.9 MB.

Unloading 9 unused Assets to reduce memory usage. Loaded Objects now: 1765.
Total: 4.620800 ms (FindLiveObjects: 0.535400 ms CreateObjectMapping: 0.245500 ms MarkObjects: 3.722500 ms  DeleteObjects: 0.114100 ms)

========================================================================
Received Prepare
Registering precompiled user dll's ...
Registered in 0.008811 seconds.
Begin MonoManager ReloadAssembly
Native extension for WindowsStandalone target not found
Refreshing native plugins compatible for Editor in 0.34 ms, found 0 plugins.
Preloading 0 native plugins for Editor in 0.00 ms.
Mono: successfully reloaded assembly
- Completed reload, in  1.797 seconds
Platform modules already initialized, skipping
Refreshing native plugins compatible for Editor in 0.33 ms, found 0 plugins.
Preloading 0 native plugins for Editor in 0.00 ms.
Unloading 1240 Unused Serialized files (Serialized files now loaded: 0)
System memory in use before: 65.8 MB.
System memory in use after: 65.9 MB.

Unloading 9 unused Assets to reduce memory usage. Loaded Objects now: 1768.
Total: 6.163400 ms (FindLiveObjects: 1.205100 ms CreateObjectMapping: 0.358500 ms MarkObjects: 4.514200 ms  DeleteObjects: 0.076700 ms)

========================================================================
Received Prepare
Registering precompiled user dll's ...
Registered in 0.010132 seconds.
Begin MonoManager ReloadAssembly
Native extension for WindowsStandalone target not found
Refreshing native plugins compatible for Editor in 0.80 ms, found 0 plugins.
Preloading 0 native plugins for Editor in 0.00 ms.
Mono: successfully reloaded assembly
- Completed reload, in  2.294 seconds
Platform modules already initialized, skipping
Refreshing native plugins compatible for Editor in 0.82 ms, found 0 plugins.
Preloading 0 native plugins for Editor in 0.00 ms.
Unloading 1240 Unused Serialized files (Serialized files now loaded: 0)
System memory in use before: 65.8 MB.
System memory in use after: 65.9 MB.

Unloading 9 unused Assets to reduce memory usage. Loaded Objects now: 1771.
Total: 3.321100 ms (FindLiveObjects: 0.271300 ms CreateObjectMapping: 0.089300 ms MarkObjects: 2.891100 ms  DeleteObjects: 0.066200 ms)

========================================================================
Received Prepare
Registering precompiled user dll's ...
Registered in 0.010170 seconds.
Begin MonoManager ReloadAssembly
Native extension for WindowsStandalone target not found
Refreshing native plugins compatible for Editor in 1.39 ms, found 0 plugins.
Preloading 0 native plugins for Editor in 0.00 ms.
Mono: successfully reloaded assembly
- Completed reload, in  2.385 seconds
Platform modules already initialized, skipping
Refreshing native plugins compatible for Editor in 0.63 ms, found 0 plugins.
Preloading 0 native plugins for Editor in 0.00 ms.
Unloading 1240 Unused Serialized files (Serialized files now loaded: 0)
System memory in use before: 65.9 MB.
System memory in use after: 65.9 MB.

Unloading 9 unused Assets to reduce memory usage. Loaded Objects now: 1774.
Total: 4.971300 ms (FindLiveObjects: 0.478000 ms CreateObjectMapping: 0.143600 ms MarkObjects: 4.264100 ms  DeleteObjects: 0.081400 ms)

========================================================================
Received Prepare
Registering precompiled user dll's ...
Registered in 0.010757 seconds.
Begin MonoManager ReloadAssembly
Native extension for WindowsStandalone target not found
Refreshing native plugins compatible for Editor in 0.69 ms, found 0 plugins.
Preloading 0 native plugins for Editor in 0.00 ms.
Mono: successfully reloaded assembly
- Completed reload, in  2.504 seconds
Platform modules already initialized, skipping
Refreshing native plugins compatible for Editor in 1.18 ms, found 0 plugins.
Preloading 0 native plugins for Editor in 0.00 ms.
Unloading 1240 Unused Serialized files (Serialized files now loaded: 0)
System memory in use before: 65.9 MB.
System memory in use after: 65.9 MB.

Unloading 9 unused Assets to reduce memory usage. Loaded Objects now: 1777.
Total: 5.119500 ms (FindLiveObjects: 0.625600 ms CreateObjectMapping: 0.281400 ms MarkObjects: 4.135200 ms  DeleteObjects: 0.072600 ms)

========================================================================
Received Prepare
Registering precompiled user dll's ...
Registered in 0.007181 seconds.
Begin MonoManager ReloadAssembly
Native extension for WindowsStandalone target not found
Refreshing native plugins compatible for Editor in 0.49 ms, found 0 plugins.
Preloading 0 native plugins for Editor in 0.00 ms.
Mono: successfully reloaded assembly
- Completed reload, in  1.654 seconds
Platform modules already initialized, skipping
Refreshing native plugins compatible for Editor in 0.45 ms, found 0 plugins.
Preloading 0 native plugins for Editor in 0.00 ms.
Unloading 1240 Unused Serialized files (Serialized files now loaded: 0)
System memory in use before: 65.9 MB.
System memory in use after: 65.9 MB.

Unloading 9 unused Assets to reduce memory usage. Loaded Objects now: 1780.
Total: 3.294400 ms (FindLiveObjects: 0.316400 ms CreateObjectMapping: 0.112600 ms MarkObjects: 2.692800 ms  DeleteObjects: 0.170100 ms)

========================================================================
Received Prepare
Registering precompiled user dll's ...
Registered in 0.010756 seconds.
Begin MonoManager ReloadAssembly
Native extension for WindowsStandalone target not found
Refreshing native plugins compatible for Editor in 1.07 ms, found 0 plugins.
Preloading 0 native plugins for Editor in 0.00 ms.
Mono: successfully reloaded assembly
- Completed reload, in  2.910 seconds
Platform modules already initialized, skipping
Refreshing native plugins compatible for Editor in 1.11 ms, found 0 plugins.
Preloading 0 native plugins for Editor in 0.00 ms.
Unloading 1240 Unused Serialized files (Serialized files now loaded: 0)
System memory in use before: 65.9 MB.
System memory in use after: 65.9 MB.

Unloading 9 unused Assets to reduce memory usage. Loaded Objects now: 1783.
Total: 5.194600 ms (FindLiveObjects: 0.418700 ms CreateObjectMapping: 0.085300 ms MarkObjects: 4.510300 ms  DeleteObjects: 0.175900 ms)

========================================================================
Received Prepare
Registering precompiled user dll's ...
Registered in 0.008361 seconds.
Begin MonoManager ReloadAssembly
Native extension for WindowsStandalone target not found
Refreshing native plugins compatible for Editor in 0.47 ms, found 0 plugins.
Preloading 0 native plugins for Editor in 0.00 ms.
Mono: successfully reloaded assembly
- Completed reload, in  2.182 seconds
Platform modules already initialized, skipping
Refreshing native plugins compatible for Editor in 1.17 ms, found 0 plugins.
Preloading 0 native plugins for Editor in 0.00 ms.
Unloading 1240 Unused Serialized files (Serialized files now loaded: 0)
System memory in use before: 65.9 MB.
System memory in use after: 65.9 MB.

Unloading 9 unused Assets to reduce memory usage. Loaded Objects now: 1786.
Total: 3.822000 ms (FindLiveObjects: 0.367600 ms CreateObjectMapping: 0.223900 ms MarkObjects: 3.134300 ms  DeleteObjects: 0.092500 ms)

========================================================================
Received Prepare
Registering precompiled user dll's ...
Registered in 0.006927 seconds.
Begin MonoManager ReloadAssembly
Native extension for WindowsStandalone target not found
Refreshing native plugins compatible for Editor in 0.36 ms, found 0 plugins.
Preloading 0 native plugins for Editor in 0.00 ms.
Mono: successfully reloaded assembly
- Completed reload, in  2.243 seconds
Platform modules already initialized, skipping
Refreshing native plugins compatible for Editor in 0.42 ms, found 0 plugins.
Preloading 0 native plugins for Editor in 0.00 ms.
Unloading 1240 Unused Serialized files (Serialized files now loaded: 0)
System memory in use before: 65.9 MB.
System memory in use after: 65.9 MB.

Unloading 9 unused Assets to reduce memory usage. Loaded Objects now: 1789.
Total: 4.471900 ms (FindLiveObjects: 0.369700 ms CreateObjectMapping: 0.078600 ms MarkObjects: 3.929200 ms  DeleteObjects: 0.090800 ms)

========================================================================
Received Prepare
Registering precompiled user dll's ...
Registered in 0.008719 seconds.
Begin MonoManager ReloadAssembly
Native extension for WindowsStandalone target not found
Refreshing native plugins compatible for Editor in 0.35 ms, found 0 plugins.
Preloading 0 native plugins for Editor in 0.00 ms.
Mono: successfully reloaded assembly
- Completed reload, in  1.797 seconds
Platform modules already initialized, skipping
Refreshing native plugins compatible for Editor in 0.35 ms, found 0 plugins.
Preloading 0 native plugins for Editor in 0.00 ms.
Unloading 1240 Unused Serialized files (Serialized files now loaded: 0)
System memory in use before: 65.9 MB.
System memory in use after: 66.0 MB.

Unloading 9 unused Assets to reduce memory usage. Loaded Objects now: 1792.
Total: 3.691500 ms (FindLiveObjects: 0.620800 ms CreateObjectMapping: 0.116100 ms MarkObjects: 2.869300 ms  DeleteObjects: 0.074900 ms)

========================================================================
Received Prepare
Registering precompiled user dll's ...
Registered in 0.019716 seconds.
Begin MonoManager ReloadAssembly
Native extension for WindowsStandalone target not found
Refreshing native plugins compatible for Editor in 0.56 ms, found 0 plugins.
Preloading 0 native plugins for Editor in 0.00 ms.
Mono: successfully reloaded assembly
- Completed reload, in  2.229 seconds
Platform modules already initialized, skipping
Refreshing native plugins compatible for Editor in 1.68 ms, found 0 plugins.
Preloading 0 native plugins for Editor in 0.00 ms.
Unloading 1240 Unused Serialized files (Serialized files now loaded: 0)
System memory in use before: 65.9 MB.
System memory in use after: 66.0 MB.

Unloading 9 unused Assets to reduce memory usage. Loaded Objects now: 1795.
Total: 4.444500 ms (FindLiveObjects: 0.607000 ms CreateObjectMapping: 0.211100 ms MarkObjects: 3.445900 ms  DeleteObjects: 0.177100 ms)

========================================================================
Received Prepare
Registering precompiled user dll's ...
Registered in 0.005986 seconds.
Begin MonoManager ReloadAssembly
Native extension for WindowsStandalone target not found
Refreshing native plugins compatible for Editor in 0.29 ms, found 0 plugins.
Preloading 0 native plugins for Editor in 0.00 ms.
Mono: successfully reloaded assembly
- Completed reload, in  2.454 seconds
Platform modules already initialized, skipping
Refreshing native plugins compatible for Editor in 0.98 ms, found 0 plugins.
Preloading 0 native plugins for Editor in 0.00 ms.
Unloading 1240 Unused Serialized files (Serialized files now loaded: 0)
System memory in use before: 65.9 MB.
System memory in use after: 66.0 MB.

Unloading 9 unused Assets to reduce memory usage. Loaded Objects now: 1798.
Total: 6.825000 ms (FindLiveObjects: 0.674800 ms CreateObjectMapping: 0.200700 ms MarkObjects: 5.791500 ms  DeleteObjects: 0.154000 ms)

========================================================================
Received Prepare
Registering precompiled user dll's ...
Registered in 0.004002 seconds.
Begin MonoManager ReloadAssembly
Native extension for WindowsStandalone target not found
Refreshing native plugins compatible for Editor in 0.44 ms, found 0 plugins.
Preloading 0 native plugins for Editor in 0.00 ms.
Mono: successfully reloaded assembly
- Completed reload, in  1.944 seconds
Platform modules already initialized, skipping
Refreshing native plugins compatible for Editor in 0.49 ms, found 0 plugins.
Preloading 0 native plugins for Editor in 0.00 ms.
Unloading 1240 Unused Serialized files (Serialized files now loaded: 0)
System memory in use before: 65.9 MB.
System memory in use after: 66.0 MB.

Unloading 9 unused Assets to reduce memory usage. Loaded Objects now: 1801.
Total: 3.206800 ms (FindLiveObjects: 0.267400 ms CreateObjectMapping: 0.082100 ms MarkObjects: 2.757500 ms  DeleteObjects: 0.094700 ms)

========================================================================
Received Prepare
Registering precompiled user dll's ...
Registered in 0.006593 seconds.
Begin MonoManager ReloadAssembly
Native extension for WindowsStandalone target not found
Refreshing native plugins compatible for Editor in 1.27 ms, found 0 plugins.
Preloading 0 native plugins for Editor in 0.00 ms.
Mono: successfully reloaded assembly
- Completed reload, in  3.333 seconds
Platform modules already initialized, skipping
Refreshing native plugins compatible for Editor in 0.65 ms, found 0 plugins.
Preloading 0 native plugins for Editor in 0.00 ms.
Unloading 1240 Unused Serialized files (Serialized files now loaded: 0)
System memory in use before: 65.9 MB.
System memory in use after: 66.0 MB.

Unloading 9 unused Assets to reduce memory usage. Loaded Objects now: 1804.
Total: 10.469500 ms (FindLiveObjects: 0.816400 ms CreateObjectMapping: 0.329600 ms MarkObjects: 9.168000 ms  DeleteObjects: 0.150200 ms)

========================================================================
Received Prepare
Registering precompiled user dll's ...
Registered in 0.006242 seconds.
Begin MonoManager ReloadAssembly
Native extension for WindowsStandalone target not found
Refreshing native plugins compatible for Editor in 0.55 ms, found 0 plugins.
Preloading 0 native plugins for Editor in 0.00 ms.
Mono: successfully reloaded assembly
- Completed reload, in  2.007 seconds
Platform modules already initialized, skipping
Refreshing native plugins compatible for Editor in 0.60 ms, found 0 plugins.
Preloading 0 native plugins for Editor in 0.00 ms.
Unloading 1240 Unused Serialized files (Serialized files now loaded: 0)
System memory in use before: 65.9 MB.
System memory in use after: 66.0 MB.

Unloading 9 unused Assets to reduce memory usage. Loaded Objects now: 1807.
Total: 4.694600 ms (FindLiveObjects: 0.315900 ms CreateObjectMapping: 0.113900 ms MarkObjects: 4.144400 ms  DeleteObjects: 0.117900 ms)

========================================================================
Received Prepare
Registering precompiled user dll's ...
Registered in 0.004533 seconds.
Begin MonoManager ReloadAssembly
Native extension for WindowsStandalone target not found
Refreshing native plugins compatible for Editor in 0.29 ms, found 0 plugins.
Preloading 0 native plugins for Editor in 0.00 ms.
Mono: successfully reloaded assembly
- Completed reload, in  2.117 seconds
Platform modules already initialized, skipping
Refreshing native plugins compatible for Editor in 1.44 ms, found 0 plugins.
Preloading 0 native plugins for Editor in 0.00 ms.
Unloading 1240 Unused Serialized files (Serialized files now loaded: 0)
System memory in use before: 65.9 MB.
System memory in use after: 66.0 MB.

Unloading 9 unused Assets to reduce memory usage. Loaded Objects now: 1810.
Total: 5.929200 ms (FindLiveObjects: 0.619100 ms CreateObjectMapping: 0.255000 ms MarkObjects: 4.944100 ms  DeleteObjects: 0.107400 ms)

========================================================================
Received Prepare
Registering precompiled user dll's ...
Registered in 0.011822 seconds.
Begin MonoManager ReloadAssembly
Native extension for WindowsStandalone target not found
Refreshing native plugins compatible for Editor in 0.38 ms, found 0 plugins.
Preloading 0 native plugins for Editor in 0.00 ms.
Mono: successfully reloaded assembly
- Completed reload, in  3.268 seconds
Platform modules already initialized, skipping
Refreshing native plugins compatible for Editor in 1.20 ms, found 0 plugins.
Preloading 0 native plugins for Editor in 0.00 ms.
Unloading 1240 Unused Serialized files (Serialized files now loaded: 0)
System memory in use before: 65.9 MB.
System memory in use after: 66.0 MB.

Unloading 9 unused Assets to reduce memory usage. Loaded Objects now: 1813.
Total: 4.827700 ms (FindLiveObjects: 0.771000 ms CreateObjectMapping: 0.190000 ms MarkObjects: 3.774400 ms  DeleteObjects: 0.089500 ms)

========================================================================
Received Prepare
Registering precompiled user dll's ...
Registered in 0.008763 seconds.
Begin MonoManager ReloadAssembly
Native extension for WindowsStandalone target not found
Refreshing native plugins compatible for Editor in 0.74 ms, found 0 plugins.
Preloading 0 native plugins for Editor in 0.00 ms.
Mono: successfully reloaded assembly
- Completed reload, in  3.519 seconds
Platform modules already initialized, skipping
Refreshing native plugins compatible for Editor in 0.42 ms, found 0 plugins.
Preloading 0 native plugins for Editor in 0.00 ms.
Unloading 1240 Unused Serialized files (Serialized files now loaded: 0)
System memory in use before: 65.9 MB.
System memory in use after: 66.0 MB.

Unloading 9 unused Assets to reduce memory usage. Loaded Objects now: 1816.
Total: 4.106200 ms (FindLiveObjects: 0.374200 ms CreateObjectMapping: 0.142800 ms MarkObjects: 3.481400 ms  DeleteObjects: 0.104100 ms)

AssetImportWorkerClient::OnTransportError - code=2 error=End of file
